<?xml version="1.0" encoding="UTF-8"?>
<testsuite xmlns:xsi="http://www.w3.org/2001/XMLSchema-instance" xsi:noNamespaceSchemaLocation="https://maven.apache.org/surefire/maven-surefire-plugin/xsd/surefire-test-report-3.0.xsd" version="3.0" name="com.superMarket.superMarket.SuperMarketApplicationTests" time="5.534" tests="1" errors="0" skipped="0" failures="0">
  <properties>
[...]
</properties>
  <testcase name="contextLoads" classname="com.superMarket.superMarket.SuperMarketApplicationTests" time="0.441">
    <system-out><![CDATA[11:49:39.371 [main] INFO org.springframework.test.context.support.AnnotationConfigContextLoaderUtils -- Could not detect default configuration classes for test class [com.superMarket.superMarket.SuperMarketApplicationTests]: SuperMarketApplicationTests does not declare any static, non-private, non-final, nested classes annotated with @Configuration.
11:49:39.465 [main] INFO org.springframework.boot.test.context.SpringBootTestContextBootstrapper -- Found @SpringBootConfiguration com.superMarket.superMarket.SuperMarketApplication for test class com.superMarket.superMarket.SuperMarketApplicationTests

  .   ____          _            __ _ _
 /\\ / ___'_ __ _ _(_)_ __  __ _ \ \ \ \
( ( )\___ | '_ | '_| | '_ \/ _` | \ \ \ \
 \\/  ___)| |_)| | | | | || (_| |  ) ) ) )
  '  |____| .__|_| |_|_| |_\__, | / / / /
 =========|_|==============|___/=/_/_/_/

 :: Spring Boot ::                (v3.3.1)

2024-07-22T11:49:39.858+05:30  INFO 19796 --- [superMarket] [           main] c.s.s.SuperMarketApplicationTests        : Starting SuperMarketApplicationTests using Java 17.0.11 with PID 19796 (started by aruna in C:\myProject\super-market-api)
2024-07-22T11:49:39.858+05:30  INFO 19796 --- [superMarket] [           main] c.s.s.SuperMarketApplicationTests        : No active profile set, falling back to 1 default profile: "default"
2024-07-22T11:49:40.485+05:30  INFO 19796 --- [superMarket] [           main] .s.d.r.c.RepositoryConfigurationDelegate : Bootstrapping Spring Data JPA repositories in DEFAULT mode.
2024-07-22T11:49:40.581+05:30  INFO 19796 --- [superMarket] [           main] .s.d.r.c.RepositoryConfigurationDelegate : Finished Spring Data repository scanning in 77 ms. Found 3 JPA repository interfaces.
2024-07-22T11:49:41.196+05:30  INFO 19796 --- [superMarket] [           main] com.zaxxer.hikari.HikariDataSource       : HikariPool-1 - Starting...
2024-07-22T11:49:41.385+05:30  INFO 19796 --- [superMarket] [           main] com.zaxxer.hikari.pool.HikariPool        : HikariPool-1 - Added connection conn0: url=jdbc:h2:mem:181ae8a1-2222-4eed-843c-4155d9842edc user=SA
2024-07-22T11:49:41.385+05:30  INFO 19796 --- [superMarket] [           main] com.zaxxer.hikari.HikariDataSource       : HikariPool-1 - Start completed.
2024-07-22T11:49:41.463+05:30  INFO 19796 --- [superMarket] [           main] o.hibernate.jpa.internal.util.LogHelper  : HHH000204: Processing PersistenceUnitInfo [name: default]
2024-07-22T11:49:41.530+05:30  INFO 19796 --- [superMarket] [           main] org.hibernate.Version                    : HHH000412: Hibernate ORM core version 6.5.2.Final
2024-07-22T11:49:41.576+05:30  INFO 19796 --- [superMarket] [           main] o.h.c.internal.RegionFactoryInitiator    : HHH000026: Second-level cache disabled
2024-07-22T11:49:41.963+05:30  INFO 19796 --- [superMarket] [           main] o.s.o.j.p.SpringPersistenceUnitInfo      : No LoadTimeWeaver setup: ignoring JPA class transformer
2024-07-22T11:49:42.703+05:30  INFO 19796 --- [superMarket] [           main] o.h.e.t.j.p.i.JtaPlatformInitiator       : HHH000489: No JTA platform available (set 'hibernate.transaction.jta.platform' to enable JTA platform integration)
2024-07-22T11:49:42.735+05:30  INFO 19796 --- [superMarket] [           main] j.LocalContainerEntityManagerFactoryBean : Initialized JPA EntityManagerFactory for persistence unit 'default'
2024-07-22T11:49:43.300+05:30  WARN 19796 --- [superMarket] [           main] JpaBaseConfiguration$JpaWebConfiguration : spring.jpa.open-in-view is enabled by default. Therefore, database queries may be performed during view rendering. Explicitly configure spring.jpa.open-in-view to disable this warning
2024-07-22T11:49:44.025+05:30  INFO 19796 --- [superMarket] [           main] c.s.s.SuperMarketApplicationTests        : Started SuperMarketApplicationTests in 4.387 seconds (process running for 5.397)
]]></system-out>
  </testcase>
</testsuite>